==========================================
SLURM Job Array Task
==========================================
Job ID: 189664
Array Job ID: 189642
Array Task ID: 21
Node: marvel-1-23
Batch Directory: /marvel/home/etewolde/agent-tournament/outputs/all_but_repetition1_20260119_205910
==========================================

Activating conda environment: llmcoop
Python path: /marvel/home/etewolde/miniconda3/envs/llmcoop/bin/python
Conda env: llmcoop
Conda prefix: /marvel/home/etewolde/miniconda3/envs/llmcoop

[21] RETRYING (failed previously): contracting_trust_game
  Removing previous experiment directory...
  Game: games/trust_game.yaml
  Mechanism: mechanisms/contracting.yaml
  Output: /marvel/home/etewolde/agent-tournament/outputs/all_but_repetition1_20260119_205910/contracting_trust_game
--------------------------------------------------
Running experiment: contracting_trust_game
Config: /marvel/home/etewolde/agent-tournament/outputs/all_but_repetition1_20260119_205910/configs/contracting_trust_game.yaml
✓ contracting_trust_game: Completed successfully (1332s)


==========================================
Task 21 finished with exit code: 0
==========================================
