==========================================
SLURM Job Array Task
==========================================
Job ID: 189642
Array Job ID: 189642
Array Task ID: 23
Node: marvel-1-23
Batch Directory: /marvel/home/etewolde/agent-tournament/outputs/all_but_repetition1_20260119_205910
==========================================

Activating conda environment: llmcoop
Python path: /marvel/home/etewolde/miniconda3/envs/llmcoop/bin/python
Conda env: llmcoop
Conda prefix: /marvel/home/etewolde/miniconda3/envs/llmcoop

[23] RETRYING (failed previously): reputation_trust_game
  Removing previous experiment directory...
  Game: games/trust_game.yaml
  Mechanism: mechanisms/reputation.yaml
  Output: /marvel/home/etewolde/agent-tournament/outputs/all_but_repetition1_20260119_205910/reputation_trust_game
--------------------------------------------------
Running experiment: reputation_trust_game
Config: /marvel/home/etewolde/agent-tournament/outputs/all_but_repetition1_20260119_205910/configs/reputation_trust_game.yaml
✓ reputation_trust_game: Completed successfully (1435s)


==========================================
Task 23 finished with exit code: 0
==========================================
