==========================================
SLURM Job Array Task
==========================================
Job ID: 189653
Array Job ID: 189642
Array Task ID: 10
Node: marvel-1-21
Batch Directory: /marvel/home/etewolde/agent-tournament/outputs/all_but_repetition1_20260119_205910
==========================================

Activating conda environment: llmcoop
Python path: /marvel/home/etewolde/miniconda3/envs/llmcoop/bin/python
Conda env: llmcoop
Conda prefix: /marvel/home/etewolde/miniconda3/envs/llmcoop

[10] RETRYING (failed previously): mediation_public_goods
  Removing previous experiment directory...
  Game: games/public_goods.yaml
  Mechanism: mechanisms/mediation.yaml
  Output: /marvel/home/etewolde/agent-tournament/outputs/all_but_repetition1_20260119_205910/mediation_public_goods
--------------------------------------------------
Running experiment: mediation_public_goods
Config: /marvel/home/etewolde/agent-tournament/outputs/all_but_repetition1_20260119_205910/configs/mediation_public_goods.yaml
✗ mediation_public_goods: Failed with exit code 1 (3424s)


==========================================
Task 10 finished with exit code: 1
==========================================
