==========================================
SLURM Job Array Task
==========================================
Job ID: 189588
Array Job ID: 189574
Array Task ID: 13
Node: marvel-1-21
Batch Directory: /marvel/home/etewolde/agent-tournament/outputs/all_but_repetition1_20260119_205910
==========================================

Activating conda environment: llmcoop
Python path: /marvel/home/etewolde/miniconda3/envs/llmcoop/bin/python
Conda env: llmcoop
Conda prefix: /marvel/home/etewolde/miniconda3/envs/llmcoop

[13] Running: contracting_stag_hunt
  Game: games/stag_hunt.yaml
  Mechanism: mechanisms/contracting.yaml
  Output: /marvel/home/etewolde/agent-tournament/outputs/all_but_repetition1_20260119_205910/contracting_stag_hunt
--------------------------------------------------
Running experiment: contracting_stag_hunt
Config: /marvel/home/etewolde/agent-tournament/outputs/all_but_repetition1_20260119_205910/configs/contracting_stag_hunt.yaml
✗ contracting_stag_hunt: Failed with exit code 1 (1322s)


==========================================
Task 13 finished with exit code: 1
==========================================
