==========================================
SLURM Job Array Task
==========================================
Job ID: 189584
Array Job ID: 189574
Array Task ID: 9
Node: marvel-1-21
Batch Directory: /marvel/home/etewolde/agent-tournament/outputs/all_but_repetition1_20260119_205910
==========================================

Activating conda environment: llmcoop
Python path: /marvel/home/etewolde/miniconda3/envs/llmcoop/bin/python
Conda env: llmcoop
Conda prefix: /marvel/home/etewolde/miniconda3/envs/llmcoop

[9] Running: contracting_public_goods
  Game: games/public_goods.yaml
  Mechanism: mechanisms/contracting.yaml
  Output: /marvel/home/etewolde/agent-tournament/outputs/all_but_repetition1_20260119_205910/contracting_public_goods
--------------------------------------------------
Running experiment: contracting_public_goods
Config: /marvel/home/etewolde/agent-tournament/outputs/all_but_repetition1_20260119_205910/configs/contracting_public_goods.yaml
✓ contracting_public_goods: Completed successfully (8026s)


==========================================
Task 9 finished with exit code: 0
==========================================
