==========================================
SLURM Job Array Task
==========================================
Job ID: 189576
Array Job ID: 189574
Array Task ID: 1
Node: marvel-1-19
Batch Directory: /marvel/home/etewolde/agent-tournament/outputs/all_but_repetition1_20260119_205910
==========================================

Activating conda environment: llmcoop
Python path: /marvel/home/etewolde/miniconda3/envs/llmcoop/bin/python
Conda env: llmcoop
Conda prefix: /marvel/home/etewolde/miniconda3/envs/llmcoop

[1] Running: contracting_matching_pennies
  Game: games/matching_pennies.yaml
  Mechanism: mechanisms/contracting.yaml
  Output: /marvel/home/etewolde/agent-tournament/outputs/all_but_repetition1_20260119_205910/contracting_matching_pennies
--------------------------------------------------
Running experiment: contracting_matching_pennies
Config: /marvel/home/etewolde/agent-tournament/outputs/all_but_repetition1_20260119_205910/configs/contracting_matching_pennies.yaml
✓ contracting_matching_pennies: Completed successfully (1424s)


==========================================
Task 1 finished with exit code: 0
==========================================
