==========================================
SLURM Job Array Task
==========================================
Job ID: 189580
Array Job ID: 189574
Array Task ID: 5
Node: marvel-1-19
Batch Directory: /marvel/home/etewolde/agent-tournament/outputs/all_but_repetition1_20260119_205910
==========================================

Activating conda environment: llmcoop
Python path: /marvel/home/etewolde/miniconda3/envs/llmcoop/bin/python
Conda env: llmcoop
Conda prefix: /marvel/home/etewolde/miniconda3/envs/llmcoop

[5] Running: contracting_prisoners_dilemma
  Game: games/prisoners_dilemma.yaml
  Mechanism: mechanisms/contracting.yaml
  Output: /marvel/home/etewolde/agent-tournament/outputs/all_but_repetition1_20260119_205910/contracting_prisoners_dilemma
--------------------------------------------------
Running experiment: contracting_prisoners_dilemma
Config: /marvel/home/etewolde/agent-tournament/outputs/all_but_repetition1_20260119_205910/configs/contracting_prisoners_dilemma.yaml
✓ contracting_prisoners_dilemma: Completed successfully (1330s)


==========================================
Task 5 finished with exit code: 0
==========================================
