==========================================
SLURM Job Array Task
==========================================
Job ID: 189581
Array Job ID: 189574
Array Task ID: 6
Node: marvel-1-19
Batch Directory: /marvel/home/etewolde/agent-tournament/outputs/all_but_repetition1_20260119_205910
==========================================

Activating conda environment: llmcoop
Python path: /marvel/home/etewolde/miniconda3/envs/llmcoop/bin/python
Conda env: llmcoop
Conda prefix: /marvel/home/etewolde/miniconda3/envs/llmcoop

[6] Running: mediation_prisoners_dilemma
  Game: games/prisoners_dilemma.yaml
  Mechanism: mechanisms/mediation.yaml
  Output: /marvel/home/etewolde/agent-tournament/outputs/all_but_repetition1_20260119_205910/mediation_prisoners_dilemma
--------------------------------------------------
Running experiment: mediation_prisoners_dilemma
Config: /marvel/home/etewolde/agent-tournament/outputs/all_but_repetition1_20260119_205910/configs/mediation_prisoners_dilemma.yaml
✓ mediation_prisoners_dilemma: Completed successfully (1233s)


==========================================
Task 6 finished with exit code: 0
==========================================
