==========================================
SLURM Job Array Task
==========================================
Job ID: 189577
Array Job ID: 189574
Array Task ID: 2
Node: marvel-1-19
Batch Directory: /marvel/home/etewolde/agent-tournament/outputs/all_but_repetition1_20260119_205910
==========================================

Activating conda environment: llmcoop
Python path: /marvel/home/etewolde/miniconda3/envs/llmcoop/bin/python
Conda env: llmcoop
Conda prefix: /marvel/home/etewolde/miniconda3/envs/llmcoop

[2] Running: mediation_matching_pennies
  Game: games/matching_pennies.yaml
  Mechanism: mechanisms/mediation.yaml
  Output: /marvel/home/etewolde/agent-tournament/outputs/all_but_repetition1_20260119_205910/mediation_matching_pennies
--------------------------------------------------
Running experiment: mediation_matching_pennies
Config: /marvel/home/etewolde/agent-tournament/outputs/all_but_repetition1_20260119_205910/configs/mediation_matching_pennies.yaml
✓ mediation_matching_pennies: Completed successfully (1259s)


==========================================
Task 2 finished with exit code: 0
==========================================
