==========================================
SLURM Job Array Task
==========================================
Job ID: 189593
Array Job ID: 189574
Array Task ID: 18
Node: marvel-1-21
Batch Directory: /marvel/home/etewolde/agent-tournament/outputs/all_but_repetition1_20260119_205910
==========================================

Activating conda environment: llmcoop
Python path: /marvel/home/etewolde/miniconda3/envs/llmcoop/bin/python
Conda env: llmcoop
Conda prefix: /marvel/home/etewolde/miniconda3/envs/llmcoop

[18] Running: mediation_travellers_dilemma
  Game: games/travellers_dilemma.yaml
  Mechanism: mechanisms/mediation.yaml
  Output: /marvel/home/etewolde/agent-tournament/outputs/all_but_repetition1_20260119_205910/mediation_travellers_dilemma
--------------------------------------------------
Running experiment: mediation_travellers_dilemma
Config: /marvel/home/etewolde/agent-tournament/outputs/all_but_repetition1_20260119_205910/configs/mediation_travellers_dilemma.yaml
✓ mediation_travellers_dilemma: Completed successfully (1297s)


==========================================
Task 18 finished with exit code: 0
==========================================
