==========================================
SLURM Job Array Task
==========================================
Job ID: 189589
Array Job ID: 189574
Array Task ID: 14
Node: marvel-1-21
Batch Directory: /marvel/home/etewolde/agent-tournament/outputs/all_but_repetition1_20260119_205910
==========================================

Activating conda environment: llmcoop
Python path: /marvel/home/etewolde/miniconda3/envs/llmcoop/bin/python
Conda env: llmcoop
Conda prefix: /marvel/home/etewolde/miniconda3/envs/llmcoop

[14] Running: mediation_stag_hunt
  Game: games/stag_hunt.yaml
  Mechanism: mechanisms/mediation.yaml
  Output: /marvel/home/etewolde/agent-tournament/outputs/all_but_repetition1_20260119_205910/mediation_stag_hunt
--------------------------------------------------
Running experiment: mediation_stag_hunt
Config: /marvel/home/etewolde/agent-tournament/outputs/all_but_repetition1_20260119_205910/configs/mediation_stag_hunt.yaml
✓ mediation_stag_hunt: Completed successfully (1294s)


==========================================
Task 14 finished with exit code: 0
==========================================
