==========================================
SLURM Job Array Task
==========================================
Job ID: 189579
Array Job ID: 189574
Array Task ID: 4
Node: marvel-1-19
Batch Directory: /marvel/home/etewolde/agent-tournament/outputs/all_but_repetition1_20260119_205910
==========================================

Activating conda environment: llmcoop
Python path: /marvel/home/etewolde/miniconda3/envs/llmcoop/bin/python
Conda env: llmcoop
Conda prefix: /marvel/home/etewolde/miniconda3/envs/llmcoop

[4] Running: no_mechanism_prisoners_dilemma
  Game: games/prisoners_dilemma.yaml
  Mechanism: mechanisms/no_mechanism.yaml
  Output: /marvel/home/etewolde/agent-tournament/outputs/all_but_repetition1_20260119_205910/no_mechanism_prisoners_dilemma
--------------------------------------------------
Running experiment: no_mechanism_prisoners_dilemma
Config: /marvel/home/etewolde/agent-tournament/outputs/all_but_repetition1_20260119_205910/configs/no_mechanism_prisoners_dilemma.yaml
✓ no_mechanism_prisoners_dilemma: Completed successfully (254s)


==========================================
Task 4 finished with exit code: 0
==========================================
