==========================================
SLURM Job Array Task
==========================================
Job ID: 189575
Array Job ID: 189574
Array Task ID: 0
Node: marvel-1-19
Batch Directory: /marvel/home/etewolde/agent-tournament/outputs/all_but_repetition1_20260119_205910
==========================================

Activating conda environment: llmcoop
Python path: /marvel/home/etewolde/miniconda3/envs/llmcoop/bin/python
Conda env: llmcoop
Conda prefix: /marvel/home/etewolde/miniconda3/envs/llmcoop

[0] Running: no_mechanism_matching_pennies
  Game: games/matching_pennies.yaml
  Mechanism: mechanisms/no_mechanism.yaml
  Output: /marvel/home/etewolde/agent-tournament/outputs/all_but_repetition1_20260119_205910/no_mechanism_matching_pennies
--------------------------------------------------
Running experiment: no_mechanism_matching_pennies
Config: /marvel/home/etewolde/agent-tournament/outputs/all_but_repetition1_20260119_205910/configs/no_mechanism_matching_pennies.yaml
✓ no_mechanism_matching_pennies: Completed successfully (175s)


==========================================
Task 0 finished with exit code: 0
==========================================
