==========================================
SLURM Job Array Task
==========================================
Job ID: 189591
Array Job ID: 189574
Array Task ID: 16
Node: marvel-1-21
Batch Directory: /marvel/home/etewolde/agent-tournament/outputs/all_but_repetition1_20260119_205910
==========================================

Activating conda environment: llmcoop
Python path: /marvel/home/etewolde/miniconda3/envs/llmcoop/bin/python
Conda env: llmcoop
Conda prefix: /marvel/home/etewolde/miniconda3/envs/llmcoop

[16] Running: no_mechanism_travellers_dilemma
  Game: games/travellers_dilemma.yaml
  Mechanism: mechanisms/no_mechanism.yaml
  Output: /marvel/home/etewolde/agent-tournament/outputs/all_but_repetition1_20260119_205910/no_mechanism_travellers_dilemma
--------------------------------------------------
Running experiment: no_mechanism_travellers_dilemma
Config: /marvel/home/etewolde/agent-tournament/outputs/all_but_repetition1_20260119_205910/configs/no_mechanism_travellers_dilemma.yaml
✓ no_mechanism_travellers_dilemma: Completed successfully (755s)


==========================================
Task 16 finished with exit code: 0
==========================================
