==========================================
SLURM Job Array Task
==========================================
Job ID: 189583
Array Job ID: 189574
Array Task ID: 8
Node: marvel-1-19
Batch Directory: /marvel/home/etewolde/agent-tournament/outputs/all_but_repetition1_20260119_205910
==========================================

Activating conda environment: llmcoop
Python path: /marvel/home/etewolde/miniconda3/envs/llmcoop/bin/python
Conda env: llmcoop
Conda prefix: /marvel/home/etewolde/miniconda3/envs/llmcoop

[8] Running: no_mechanism_public_goods
  Game: games/public_goods.yaml
  Mechanism: mechanisms/no_mechanism.yaml
  Output: /marvel/home/etewolde/agent-tournament/outputs/all_but_repetition1_20260119_205910/no_mechanism_public_goods
--------------------------------------------------
Running experiment: no_mechanism_public_goods
Config: /marvel/home/etewolde/agent-tournament/outputs/all_but_repetition1_20260119_205910/configs/no_mechanism_public_goods.yaml
✗ no_mechanism_public_goods: Failed with exit code 1 (728s)


==========================================
Task 8 finished with exit code: 1
==========================================
