==========================================
SLURM Job Array Task
==========================================
Job ID: 189586
Array Job ID: 189574
Array Task ID: 11
Node: marvel-1-21
Batch Directory: /marvel/home/etewolde/agent-tournament/outputs/all_but_repetition1_20260119_205910
==========================================

Activating conda environment: llmcoop
Python path: /marvel/home/etewolde/miniconda3/envs/llmcoop/bin/python
Conda env: llmcoop
Conda prefix: /marvel/home/etewolde/miniconda3/envs/llmcoop

[11] Running: reputation_public_goods
  Game: games/public_goods.yaml
  Mechanism: mechanisms/reputation.yaml
  Output: /marvel/home/etewolde/agent-tournament/outputs/all_but_repetition1_20260119_205910/reputation_public_goods
--------------------------------------------------
Running experiment: reputation_public_goods
Config: /marvel/home/etewolde/agent-tournament/outputs/all_but_repetition1_20260119_205910/configs/reputation_public_goods.yaml
✓ reputation_public_goods: Completed successfully (1580s)


==========================================
Task 11 finished with exit code: 0
==========================================
