==========================================
SLURM Job Array Task
==========================================
Job ID: 189594
Array Job ID: 189574
Array Task ID: 19
Node: marvel-1-23
Batch Directory: /marvel/home/etewolde/agent-tournament/outputs/all_but_repetition1_20260119_205910
==========================================

Activating conda environment: llmcoop
Python path: /marvel/home/etewolde/miniconda3/envs/llmcoop/bin/python
Conda env: llmcoop
Conda prefix: /marvel/home/etewolde/miniconda3/envs/llmcoop

[19] Running: reputation_travellers_dilemma
  Game: games/travellers_dilemma.yaml
  Mechanism: mechanisms/reputation.yaml
  Output: /marvel/home/etewolde/agent-tournament/outputs/all_but_repetition1_20260119_205910/reputation_travellers_dilemma
--------------------------------------------------
Running experiment: reputation_travellers_dilemma
Config: /marvel/home/etewolde/agent-tournament/outputs/all_but_repetition1_20260119_205910/configs/reputation_travellers_dilemma.yaml
✓ reputation_travellers_dilemma: Completed successfully (1485s)


==========================================
Task 19 finished with exit code: 0
==========================================
