==========================================
SLURM Job Array Task
==========================================
Job ID: 189578
Array Job ID: 189574
Array Task ID: 3
Node: marvel-1-19
Batch Directory: /marvel/home/etewolde/agent-tournament/outputs/all_but_repetition1_20260119_205910
==========================================

Activating conda environment: llmcoop
Python path: /marvel/home/etewolde/miniconda3/envs/llmcoop/bin/python
Conda env: llmcoop
Conda prefix: /marvel/home/etewolde/miniconda3/envs/llmcoop

[3] Running: reputation_matching_pennies
  Game: games/matching_pennies.yaml
  Mechanism: mechanisms/reputation.yaml
  Output: /marvel/home/etewolde/agent-tournament/outputs/all_but_repetition1_20260119_205910/reputation_matching_pennies
--------------------------------------------------
Running experiment: reputation_matching_pennies
Config: /marvel/home/etewolde/agent-tournament/outputs/all_but_repetition1_20260119_205910/configs/reputation_matching_pennies.yaml
✓ reputation_matching_pennies: Completed successfully (2337s)


==========================================
Task 3 finished with exit code: 0
==========================================
