==========================================
SLURM Job Array Task
==========================================
Job ID: 189590
Array Job ID: 189574
Array Task ID: 15
Node: marvel-1-21
Batch Directory: /marvel/home/etewolde/agent-tournament/outputs/all_but_repetition1_20260119_205910
==========================================

Activating conda environment: llmcoop
Python path: /marvel/home/etewolde/miniconda3/envs/llmcoop/bin/python
Conda env: llmcoop
Conda prefix: /marvel/home/etewolde/miniconda3/envs/llmcoop

[15] Running: reputation_stag_hunt
  Game: games/stag_hunt.yaml
  Mechanism: mechanisms/reputation.yaml
  Output: /marvel/home/etewolde/agent-tournament/outputs/all_but_repetition1_20260119_205910/reputation_stag_hunt
--------------------------------------------------
Running experiment: reputation_stag_hunt
Config: /marvel/home/etewolde/agent-tournament/outputs/all_but_repetition1_20260119_205910/configs/reputation_stag_hunt.yaml
✓ reputation_stag_hunt: Completed successfully (1179s)


==========================================
Task 15 finished with exit code: 0
==========================================
