==========================================
SLURM Job Array Task
==========================================
Job ID: 189582
Array Job ID: 189574
Array Task ID: 7
Node: marvel-1-19
Batch Directory: /marvel/home/etewolde/agent-tournament/outputs/all_but_repetition1_20260119_205910
==========================================

Activating conda environment: llmcoop
Python path: /marvel/home/etewolde/miniconda3/envs/llmcoop/bin/python
Conda env: llmcoop
Conda prefix: /marvel/home/etewolde/miniconda3/envs/llmcoop

[7] Running: reputation_prisoners_dilemma
  Game: games/prisoners_dilemma.yaml
  Mechanism: mechanisms/reputation.yaml
  Output: /marvel/home/etewolde/agent-tournament/outputs/all_but_repetition1_20260119_205910/reputation_prisoners_dilemma
--------------------------------------------------
Running experiment: reputation_prisoners_dilemma
Config: /marvel/home/etewolde/agent-tournament/outputs/all_but_repetition1_20260119_205910/configs/reputation_prisoners_dilemma.yaml
✓ reputation_prisoners_dilemma: Completed successfully (1532s)


==========================================
Task 7 finished with exit code: 0
==========================================
